[21-Dec-2024 12:18:50 Europe/Berlin] POST data: Array
(
    [feature_type] => YoStay
    [category] => 2
    [name] => Hotel Tentram
    [address] => jakal
    [openTime] => 18:18
)

[21-Dec-2024 12:18:50 Europe/Berlin] FILES data: Array
(
    [image] => Array
        (
            [name] => white-wifi-router-modern-free-photo.jpg
            [full_path] => white-wifi-router-modern-free-photo.jpg
            [type] => image/jpeg
            [tmp_name] => C:\xampp\tmp\php7911.tmp
            [error] => 0
            [size] => 66102
        )

)

[21-Dec-2024 12:26:08 Europe/Berlin] POST data: Array
(
    [feature_type] => YoStay
    [category] => 2
    [name] => Hotel Tentram
    [address] => jakal
    [openTime] => 20:27
)

[21-Dec-2024 12:26:08 Europe/Berlin] FILES data: Array
(
    [image] => Array
        (
            [name] => 1000154143-fotor-ai-art-effects-20241125103142.jpg
            [full_path] => 1000154143-fotor-ai-art-effects-20241125103142.jpg
            [type] => image/jpeg
            [tmp_name] => C:\xampp\tmp\php295A.tmp
            [error] => 0
            [size] => 3253041
        )

)

[21-Dec-2024 12:26:08 Europe/Berlin] Error in add_destination.php: SQLSTATE[HY000]: General error: 2006 MySQL server has gone away
[21-Dec-2024 12:26:17 Europe/Berlin] POST data: Array
(
    [feature_type] => YoStay
    [category] => 2
    [name] => Hotel Tentram
    [address] => jakal
    [openTime] => 20:27
)

[21-Dec-2024 12:26:17 Europe/Berlin] FILES data: Array
(
    [image] => Array
        (
            [name] => white-wifi-router-modern-free-photo.jpg
            [full_path] => white-wifi-router-modern-free-photo.jpg
            [type] => image/jpeg
            [tmp_name] => C:\xampp\tmp\php4BC8.tmp
            [error] => 0
            [size] => 66102
        )

)

[21-Dec-2024 12:30:58 Europe/Berlin] POST data: Array
(
    [feature_type] => YoStay
    [category] => 3
    [name] => Hotel Sekar
    [address] => jakal
    [openTime] => 18:30
)

[21-Dec-2024 12:30:58 Europe/Berlin] FILES data: Array
(
    [image] => Array
        (
            [name] => kamar.jpg
            [full_path] => kamar.jpg
            [type] => image/jpeg
            [tmp_name] => C:\xampp\tmp\php9448.tmp
            [error] => 0
            [size] => 1038547
        )

)

[21-Dec-2024 12:30:58 Europe/Berlin] Error in add_destination.php: SQLSTATE[HY000]: General error: 2006 MySQL server has gone away
